<?xml version="1.0" encoding="UTF-8"?>
<!-- Generated by org.testng.reporters.JUnitReportReporter -->
<testsuite hostname="Haripriya" failures="0" tests="1" name="com.facebook.tests.TimelineTest" time="30.390" errors="0" timestamp="2020-10-17T22:57:10 IST" skipped="0">
  <testcase classname="com.facebook.tests.TimelineTest" name="checkAllPosts" time="30.390"/>
  <system-out/>
</testsuite> <!-- com.facebook.tests.TimelineTest -->
