<?xml version="1.0" encoding="UTF-8"?>
<!-- Generated by org.testng.reporters.JUnitReportReporter -->
<testsuite hostname="Haripriya" failures="0" tests="3" name="com.facebook.tests.SignupTest" time="61.742" errors="0" timestamp="2020-10-17T22:57:10 IST" skipped="0">
  <testcase classname="com.facebook.tests.SignupTest" name="invalidPasswordTest" time="23.433"/>
  <system-out/>
  <testcase classname="com.facebook.tests.SignupTest" name="oneNumberMultipleTimesTest" time="25.989"/>
  <system-out/>
  <testcase classname="com.facebook.tests.SignupTest" name="alreadyExistingAccountTest" time="12.320"/>
  <system-out/>
</testsuite> <!-- com.facebook.tests.SignupTest -->
