<?xml version="1.0" encoding="UTF-8"?>
<!-- Generated by org.testng.reporters.JUnitReportReporter -->
<testsuite hostname="Haripriya" failures="0" tests="2" name="com.facebook.tests.FindFriendsTest" time="55.873" errors="0" timestamp="2020-10-17T22:57:10 IST" skipped="0">
  <testcase classname="com.facebook.tests.FindFriendsTest" name="findFriendsTest" time="27.812"/>
  <system-out/>
  <testcase classname="com.facebook.tests.FindFriendsTest" name="findFriendsTest" time="28.061"/>
  <system-out/>
</testsuite> <!-- com.facebook.tests.FindFriendsTest -->
