<?xml version="1.0" encoding="UTF-8"?>
<!-- Generated by org.testng.reporters.JUnitReportReporter -->
<testsuite hostname="Haripriya" failures="0" tests="1" name="com.facebook.tests.LoginTest" time="16.691" errors="0" timestamp="2020-10-17T22:57:10 IST" skipped="0">
  <testcase classname="com.facebook.tests.LoginTest" name="verifyUserLogin" time="16.691"/>
  <system-out/>
</testsuite> <!-- com.facebook.tests.LoginTest -->
